xacro: in-order processing became default in ROS Melodic. You can drop the option.
[0m[INFO] [1778257461.433182267]: Finished loading Gazebo ROS API Plugin.[0m
[0m[INFO] [1778257461.434354260]: waitForService: Service [/gazebo/set_physics_properties] has not been advertised, waiting...[0m
[0m[INFO] [1778257465.358132557]: waitForService: Service [/gazebo/set_physics_properties] is now available.[0m
[0m[INFO] [1778257465.380998040]: Physics dynamic reconfigure ready.[0m
[1;33mWarning [Model.cc:216][0m Non-unique name[FL_foot] detected 2 times in XML children of model with name[a1_gazebo].
[1;33mWarning [Model.cc:216][0m Non-unique name[FL_foot_joint_get_position] detected 2 times in XML children of model with name[a1_gazebo].
[1;33mWarning [Model.cc:216][0m Non-unique name[FR_foot] detected 2 times in XML children of model with name[a1_gazebo].
[1;33mWarning [Model.cc:216][0m Non-unique name[FR_foot_joint_get_position] detected 2 times in XML children of model with name[a1_gazebo].
[1;33mWarning [Model.cc:216][0m Non-unique name[RL_foot] detected 2 times in XML children of model with name[a1_gazebo].
[1;33mWarning [Model.cc:216][0m Non-unique name[RL_foot_joint_get_position] detected 2 times in XML children of model with name[a1_gazebo].
[1;33mWarning [Model.cc:216][0m Non-unique name[RR_foot] detected 2 times in XML children of model with name[a1_gazebo].
[1;33mWarning [Model.cc:216][0m Non-unique name[RR_foot_joint_get_position] detected 2 times in XML children of model with name[a1_gazebo].
[0m[INFO] [1778257466.130658328]: <initialOrientationAsReference> is unset, using default value of false to comply with REP 145 (world as orientation reference)[0m
[0m[INFO] [1778257466.130819528]: <robotNamespace> set to: //[0m
[0m[INFO] [1778257466.130866653]: <topicName> set to: trunk_imu[0m
[0m[INFO] [1778257466.130882145]: <frameName> set to: imu_link[0m
[0m[INFO] [1778257466.130933062]: <updateRateHZ> set to: 1000[0m
[0m[INFO] [1778257466.130965453]: <gaussianNoise> set to: 0[0m
[0m[INFO] [1778257466.131004453]: <xyzOffset> set to: 0 0 0[0m
[0m[INFO] [1778257466.131080828]: <rpyOffset> set to: 0 -0 0[0m
[0m[INFO] [1778257466.463662434]: load csv file name:/home/ros/Guoyulun/Competition/SimEnv/src/unitree_guide/unitree_ros/robots/a1_description/scan_mode/mid360.csv[0m
cannot convert str:
data size:800000
[INFO] [1778257461.058146, 0.000000]: Loading model XML from ros parameter robot_description
[INFO] [1778257461.071532, 0.000000]: Waiting for service /gazebo/spawn_urdf_model
[INFO] [1778257465.596339, 0.000000]: Calling service /gazebo/spawn_urdf_model
[INFO] [1778257481.074059, 0.000000]: Spawn status: SpawnModel: Successfully spawned entity
[INFO] [1778257481.076310, 0.000000]: Unpausing physics
[0m[INFO] [1778257461.527736410]: Finished loading Gazebo ROS API Plugin.[0m
[0m[INFO] [1778257461.528982680]: waitForService: Service [/gazebo_gui/set_physics_properties] has not been advertised, waiting...[0m
[0m[INFO] [1778257481.038688984]: Load FL_foot_contact Draw Force plugin.[0m
[0m[INFO] [1778257481.042122200]: Load FL_foot_contact Draw Force plugin.[0m
[0m[INFO] [1778257481.047038804]: Load FR_foot_contact Draw Force plugin.[0m
[0m[INFO] [1778257481.051095720]: Load FR_foot_contact Draw Force plugin.[0m
[0m[INFO] [1778257481.055892334]: Load RL_foot_contact Draw Force plugin.[0m
[0m[INFO] [1778257481.059330465]: Load RL_foot_contact Draw Force plugin.[0m
[0m[INFO] [1778257481.250642154]: Load RR_foot_contact Draw Force plugin.[0m
[0m[INFO] [1778257481.254724051]: Load RR_foot_contact Draw Force plugin.[0m
Node::Advertise(): Error advertising topic [/generated_building/joint_cmd]. Did you forget to start the discovery service?
Node::Advertise(): Error advertising topic [/generated_building/joint_cmd]. Did you forget to start the discovery service?
Node::Advertise(): Error advertising topic [/generated_building/joint_cmd]. Did you forget to start the discovery service?
Node::Advertise(): Error advertising topic [/generated_building/joint_cmd]. Did you forget to start the discovery service?
Node::Advertise(): Error advertising topic [/generated_building/joint_cmd]. Did you forget to start the discovery service?
Node::Advertise(): Error advertising topic [/generated_building/joint_cmd]. Did you forget to start the discovery service?
Node::Advertise(): Error advertising topic [/generated_building/joint_cmd]. Did you forget to start the discovery service?
Node::Advertise(): Error advertising topic [/generated_building/joint_cmd]. Did you forget to start the discovery service?
Node::Advertise(): Error advertising topic [/generated_building/joint_cmd]. Did you forget to start the discovery service?
Node::Advertise(): Error advertising topic [/generated_building/joint_cmd]. Did you forget to start the discovery service?
Node::Advertise(): Error advertising topic [/generated_building/joint_cmd]. Did you forget to start the discovery service?
Node::Advertise(): Error advertising topic [/generated_building/joint_cmd]. Did you forget to start the discovery service?
Node::Advertise(): Error advertising topic [/generated_building/joint_cmd]. Did you forget to start the discovery service?
Node::Advertise(): Error advertising topic [/generated_building/joint_cmd]. Did you forget to start the discovery service?
[INFO] [1778257461.075481, 0.000000]: Blind range : 0.5 m
[INFO] [1778257461.081835, 0.000000]: Angle filter : -7 ~ 55 deg
[INFO] [1778257461.090482, 0.000000]: === Pointcloud2livox (published in odom) STARTED ===
[INFO] [1778257461.093855, 0.000000]: Sensor frame: odom
[INFO] [1778257461.095294, 0.000000]: Odom topic : /Odometry_gazebo
[WARN] [1778303646.614634, 330.431000]: Controller Spawner error while taking down controllers: transport error completing service call: unable to receive data from sender, check sender's logs for details
[31mERROR: cannot launch node of type [joy/joy_node]: joy
ROS path [0]=/opt/ros/noetic/share/ros
ROS path [1]=/home/ros/Guoyulun/Competition/SimEnv/src
ROS path [2]=/opt/ros/noetic/share[0m
[31m[gazebo-2] escalating to SIGTERM[0m
[31m[a1_gazebo/controller_spawner-6] escalating to SIGTERM[0m
[31m[gazebo_gui-3] escalating to SIGTERM[0m
[31m[a1_gazebo/controller_spawner-6] escalating to SIGKILL[0m
[31mShutdown errors:
 * process[a1_gazebo/controller_spawner-6, pid 28790]: required SIGKILL. May still be running.[0m
... logging to /home/ros/.ros/log/5d984046-4afa-11f1-8cca-516832e059ee/roslaunch-LAPTOP-4NHCRNJ5-28731.log
Checking log directory for disk usage. This may take a while.
Press Ctrl-C to interrupt
Done checking log file disk usage. Usage is <1GB.
]2;/home/ros/Guoyulun/Competition/SimEnv/src/unitree_guide/unitree_guide/unitree_guide/launch/multi_floor_gazeboSim.launch
[1mstarted roslaunch server http://LAPTOP-4NHCRNJ5:35655/[0m

SUMMARY
========

PARAMETERS
 * /a1_gazebo/FL_calf_controller/joint: FL_calf_joint
 * /a1_gazebo/FL_calf_controller/pid/d: 8.0
 * /a1_gazebo/FL_calf_controller/pid/i: 0.0
 * /a1_gazebo/FL_calf_controller/pid/p: 300.0
 * /a1_gazebo/FL_calf_controller/type: unitree_legged_co...
 * /a1_gazebo/FL_hip_controller/joint: FL_hip_joint
 * /a1_gazebo/FL_hip_controller/pid/d: 5.0
 * /a1_gazebo/FL_hip_controller/pid/i: 0.0
 * /a1_gazebo/FL_hip_controller/pid/p: 100.0
 * /a1_gazebo/FL_hip_controller/type: unitree_legged_co...
 * /a1_gazebo/FL_thigh_controller/joint: FL_thigh_joint
 * /a1_gazebo/FL_thigh_controller/pid/d: 8.0
 * /a1_gazebo/FL_thigh_controller/pid/i: 0.0
 * /a1_gazebo/FL_thigh_controller/pid/p: 300.0
 * /a1_gazebo/FL_thigh_controller/type: unitree_legged_co...
 * /a1_gazebo/FR_calf_controller/joint: FR_calf_joint
 * /a1_gazebo/FR_calf_controller/pid/d: 8.0
 * /a1_gazebo/FR_calf_controller/pid/i: 0.0
 * /a1_gazebo/FR_calf_controller/pid/p: 300.0
 * /a1_gazebo/FR_calf_controller/type: unitree_legged_co...
 * /a1_gazebo/FR_hip_controller/joint: FR_hip_joint
 * /a1_gazebo/FR_hip_controller/pid/d: 5.0
 * /a1_gazebo/FR_hip_controller/pid/i: 0.0
 * /a1_gazebo/FR_hip_controller/pid/p: 100.0
 * /a1_gazebo/FR_hip_controller/type: unitree_legged_co...
 * /a1_gazebo/FR_thigh_controller/joint: FR_thigh_joint
 * /a1_gazebo/FR_thigh_controller/pid/d: 8.0
 * /a1_gazebo/FR_thigh_controller/pid/i: 0.0
 * /a1_gazebo/FR_thigh_controller/pid/p: 300.0
 * /a1_gazebo/FR_thigh_controller/type: unitree_legged_co...
 * /a1_gazebo/RL_calf_controller/joint: RL_calf_joint
 * /a1_gazebo/RL_calf_controller/pid/d: 8.0
 * /a1_gazebo/RL_calf_controller/pid/i: 0.0
 * /a1_gazebo/RL_calf_controller/pid/p: 300.0
 * /a1_gazebo/RL_calf_controller/type: unitree_legged_co...
 * /a1_gazebo/RL_hip_controller/joint: RL_hip_joint
 * /a1_gazebo/RL_hip_controller/pid/d: 5.0
 * /a1_gazebo/RL_hip_controller/pid/i: 0.0
 * /a1_gazebo/RL_hip_controller/pid/p: 100.0
 * /a1_gazebo/RL_hip_controller/type: unitree_legged_co...
 * /a1_gazebo/RL_thigh_controller/joint: RL_thigh_joint
 * /a1_gazebo/RL_thigh_controller/pid/d: 8.0
 * /a1_gazebo/RL_thigh_controller/pid/i: 0.0
 * /a1_gazebo/RL_thigh_controller/pid/p: 300.0
 * /a1_gazebo/RL_thigh_controller/type: unitree_legged_co...
 * /a1_gazebo/RR_calf_controller/joint: RR_calf_joint
 * /a1_gazebo/RR_calf_controller/pid/d: 8.0
 * /a1_gazebo/RR_calf_controller/pid/i: 0.0
 * /a1_gazebo/RR_calf_controller/pid/p: 300.0
 * /a1_gazebo/RR_calf_controller/type: unitree_legged_co...
 * /a1_gazebo/RR_hip_controller/joint: RR_hip_joint
 * /a1_gazebo/RR_hip_controller/pid/d: 5.0
 * /a1_gazebo/RR_hip_controller/pid/i: 0.0
 * /a1_gazebo/RR_hip_controller/pid/p: 100.0
 * /a1_gazebo/RR_hip_controller/type: unitree_legged_co...
 * /a1_gazebo/RR_thigh_controller/joint: RR_thigh_joint
 * /a1_gazebo/RR_thigh_controller/pid/d: 8.0
 * /a1_gazebo/RR_thigh_controller/pid/i: 0.0
 * /a1_gazebo/RR_thigh_controller/pid/p: 300.0
 * /a1_gazebo/RR_thigh_controller/type: unitree_legged_co...
 * /a1_gazebo/joint_state_controller/publish_rate: 1000
 * /a1_gazebo/joint_state_controller/type: joint_state_contr...
 * /gazebo/enable_ros_network: True
 * /joy_node/autorepeat_rate: 20
 * /joy_node/deadzone: 0.05
 * /joy_node/dev: /dev/input/js0
 * /pointcloud2livox/laser_blind: 0.5
 * /pointcloud2livox/max_angle: 55
 * /pointcloud2livox/min_angle: -7
 * /robot_description: <?xml version="1....
 * /robot_name: a1
 * /rosdistro: noetic
 * /rosversion: 1.17.4
 * /state_from_gazebo/robot_name: a1
 * /use_sim_time: True
 * /world_file: /home/ros/Guoyulu...

NODES
  /
    gazebo (gazebo_ros/gzserver)
    gazebo_gui (gazebo_ros/gzclient)
    joy_node (joy/joy_node)
    pointcloud2livox (unitree_guide/pointcloud2livox.py)
    robot_state_publisher (robot_state_publisher/robot_state_publisher)
    state_from_gazebo (unitree_guide/state_from_gazebo)
    urdf_spawner (gazebo_ros/spawn_model)
  /a1_gazebo/
    controller_spawner (controller_manager/spawner)

auto-starting new master
[1mprocess[master]: started with pid [28761][0m
[1mROS_MASTER_URI=http://localhost:11311[0m
]2;/home/ros/Guoyulun/Competition/SimEnv/src/unitree_guide/unitree_guide/unitree_guide/launch/multi_floor_gazeboSim.launch http://localhost:11311
[1msetting /run_id to 5d984046-4afa-11f1-8cca-516832e059ee[0m
[1mprocess[rosout-1]: started with pid [28771][0m
started core service [/rosout]
[1mprocess[gazebo-2]: started with pid [28778][0m
[1mprocess[gazebo_gui-3]: started with pid [28781][0m
[1mprocess[urdf_spawner-4]: started with pid [28787][0m
[1mprocess[state_from_gazebo-5]: started with pid [28789][0m
[1mprocess[a1_gazebo/controller_spawner-6]: started with pid [28790][0m
[1mprocess[robot_state_publisher-7]: started with pid [28791][0m
[1mprocess[pointcloud2livox-9]: started with pid [28797][0m
[1m[urdf_spawner-4] process has finished cleanly
log file: /home/ros/.ros/log/5d984046-4afa-11f1-8cca-516832e059ee/urdf_spawner-4*.log[0m
[robot_state_publisher-7] killing on exit
[a1_gazebo/controller_spawner-6] killing on exit
[gazebo-2] killing on exit
[pointcloud2livox-9] killing on exit
[state_from_gazebo-5] killing on exit
[gazebo_gui-3] killing on exit
[rosout-1] killing on exit
[master] killing on exit
shutting down processing monitor...
... shutting down processing monitor complete
[1mdone[0m
