Performing C SOURCE FILE Test CMAKE_HAVE_LIBC_PTHREAD failed with the following output:
Change Dir: /home/ros/Guoyulun/Competition/SimEnv/build/CMakeFiles/CMakeTmp

Run Build Command(s):/usr/bin/make cmTC_c132d/fast && /usr/bin/make -f CMakeFiles/cmTC_c132d.dir/build.make CMakeFiles/cmTC_c132d.dir/build
make[1]: Entering directory '/home/ros/Guoyulun/Competition/SimEnv/build/CMakeFiles/CMakeTmp'
Building C object CMakeFiles/cmTC_c132d.dir/src.c.o
/usr/bin/cc   -DCMAKE_HAVE_LIBC_PTHREAD   -o CMakeFiles/cmTC_c132d.dir/src.c.o   -c /home/ros/Guoyulun/Competition/SimEnv/build/CMakeFiles/CMakeTmp/src.c
Linking C executable cmTC_c132d
/usr/bin/cmake -E cmake_link_script CMakeFiles/cmTC_c132d.dir/link.txt --verbose=1
/usr/bin/cc  -DCMAKE_HAVE_LIBC_PTHREAD    -rdynamic CMakeFiles/cmTC_c132d.dir/src.c.o  -o cmTC_c132d 
/usr/bin/ld: CMakeFiles/cmTC_c132d.dir/src.c.o: in function `main':
src.c:(.text+0x46): undefined reference to `pthread_create'
/usr/bin/ld: src.c:(.text+0x52): undefined reference to `pthread_detach'
/usr/bin/ld: src.c:(.text+0x63): undefined reference to `pthread_join'
collect2: error: ld returned 1 exit status
make[1]: *** [CMakeFiles/cmTC_c132d.dir/build.make:87: cmTC_c132d] Error 1
make[1]: Leaving directory '/home/ros/Guoyulun/Competition/SimEnv/build/CMakeFiles/CMakeTmp'
make: *** [Makefile:121: cmTC_c132d/fast] Error 2


Source file was:
#include <pthread.h>

void* test_func(void* data)
{
  return data;
}

int main(void)
{
  pthread_t thread;
  pthread_create(&thread, NULL, test_func, NULL);
  pthread_detach(thread);
  pthread_join(thread, NULL);
  pthread_atfork(NULL, NULL, NULL);
  pthread_exit(NULL);

  return 0;
}

Determining if the function pthread_create exists in the pthreads failed with the following output:
Change Dir: /home/ros/Guoyulun/Competition/SimEnv/build/CMakeFiles/CMakeTmp

Run Build Command(s):/usr/bin/make cmTC_e70a8/fast && /usr/bin/make -f CMakeFiles/cmTC_e70a8.dir/build.make CMakeFiles/cmTC_e70a8.dir/build
make[1]: Entering directory '/home/ros/Guoyulun/Competition/SimEnv/build/CMakeFiles/CMakeTmp'
Building C object CMakeFiles/cmTC_e70a8.dir/CheckFunctionExists.c.o
/usr/bin/cc   -DCHECK_FUNCTION_EXISTS=pthread_create   -o CMakeFiles/cmTC_e70a8.dir/CheckFunctionExists.c.o   -c /usr/share/cmake-3.16/Modules/CheckFunctionExists.c
Linking C executable cmTC_e70a8
/usr/bin/cmake -E cmake_link_script CMakeFiles/cmTC_e70a8.dir/link.txt --verbose=1
/usr/bin/cc  -DCHECK_FUNCTION_EXISTS=pthread_create    -rdynamic CMakeFiles/cmTC_e70a8.dir/CheckFunctionExists.c.o  -o cmTC_e70a8  -lpthreads 
/usr/bin/ld: cannot find -lpthreads
collect2: error: ld returned 1 exit status
make[1]: *** [CMakeFiles/cmTC_e70a8.dir/build.make:87: cmTC_e70a8] Error 1
make[1]: Leaving directory '/home/ros/Guoyulun/Competition/SimEnv/build/CMakeFiles/CMakeTmp'
make: *** [Makefile:121: cmTC_e70a8/fast] Error 2



Performing C SOURCE FILE Test CMAKE_HAVE_LIBC_PTHREAD failed with the following output:
Change Dir: /home/ros/Guoyulun/Competition/SimEnv/build/CMakeFiles/CMakeTmp

Run Build Command(s):/usr/bin/make cmTC_ca96e/fast && /usr/bin/make -f CMakeFiles/cmTC_ca96e.dir/build.make CMakeFiles/cmTC_ca96e.dir/build
make[1]: Entering directory '/home/ros/Guoyulun/Competition/SimEnv/build/CMakeFiles/CMakeTmp'
Building C object CMakeFiles/cmTC_ca96e.dir/src.c.o
/usr/bin/cc   -DCMAKE_HAVE_LIBC_PTHREAD   -o CMakeFiles/cmTC_ca96e.dir/src.c.o   -c /home/ros/Guoyulun/Competition/SimEnv/build/CMakeFiles/CMakeTmp/src.c
Linking C executable cmTC_ca96e
/usr/bin/cmake -E cmake_link_script CMakeFiles/cmTC_ca96e.dir/link.txt --verbose=1
/usr/bin/cc  -DCMAKE_HAVE_LIBC_PTHREAD    -rdynamic CMakeFiles/cmTC_ca96e.dir/src.c.o  -o cmTC_ca96e 
/usr/bin/ld: CMakeFiles/cmTC_ca96e.dir/src.c.o: in function `main':
src.c:(.text+0x46): undefined reference to `pthread_create'
/usr/bin/ld: src.c:(.text+0x52): undefined reference to `pthread_detach'
/usr/bin/ld: src.c:(.text+0x63): undefined reference to `pthread_join'
collect2: error: ld returned 1 exit status
make[1]: *** [CMakeFiles/cmTC_ca96e.dir/build.make:87: cmTC_ca96e] Error 1
make[1]: Leaving directory '/home/ros/Guoyulun/Competition/SimEnv/build/CMakeFiles/CMakeTmp'
make: *** [Makefile:121: cmTC_ca96e/fast] Error 2


Source file was:
#include <pthread.h>

void* test_func(void* data)
{
  return data;
}

int main(void)
{
  pthread_t thread;
  pthread_create(&thread, NULL, test_func, NULL);
  pthread_detach(thread);
  pthread_join(thread, NULL);
  pthread_atfork(NULL, NULL, NULL);
  pthread_exit(NULL);

  return 0;
}

Determining if the function pthread_create exists in the pthreads failed with the following output:
Change Dir: /home/ros/Guoyulun/Competition/SimEnv/build/CMakeFiles/CMakeTmp

Run Build Command(s):/usr/bin/make cmTC_dc66f/fast && /usr/bin/make -f CMakeFiles/cmTC_dc66f.dir/build.make CMakeFiles/cmTC_dc66f.dir/build
make[1]: Entering directory '/home/ros/Guoyulun/Competition/SimEnv/build/CMakeFiles/CMakeTmp'
Building C object CMakeFiles/cmTC_dc66f.dir/CheckFunctionExists.c.o
/usr/bin/cc   -DCHECK_FUNCTION_EXISTS=pthread_create   -o CMakeFiles/cmTC_dc66f.dir/CheckFunctionExists.c.o   -c /usr/share/cmake-3.16/Modules/CheckFunctionExists.c
Linking C executable cmTC_dc66f
/usr/bin/cmake -E cmake_link_script CMakeFiles/cmTC_dc66f.dir/link.txt --verbose=1
/usr/bin/cc  -DCHECK_FUNCTION_EXISTS=pthread_create    -rdynamic CMakeFiles/cmTC_dc66f.dir/CheckFunctionExists.c.o  -o cmTC_dc66f  -lpthreads 
/usr/bin/ld: cannot find -lpthreads
collect2: error: ld returned 1 exit status
make[1]: *** [CMakeFiles/cmTC_dc66f.dir/build.make:87: cmTC_dc66f] Error 1
make[1]: Leaving directory '/home/ros/Guoyulun/Competition/SimEnv/build/CMakeFiles/CMakeTmp'
make: *** [Makefile:121: cmTC_dc66f/fast] Error 2



